2016-08-05 01:06:36,829 - requests_oauthlib.oauth1_auth - DEBUG - Signing request <PreparedRequest [POST]> using client <Client nonce=None, signature_method=HMAC-SHA1, realm=None, encoding=utf-8, timestamp=None, resource_owner_secret=****, decoding=None, verifier=None, signature_type=AUTH_HEADER, rsa_key=None, resource_owner_key=760028218061574144-FQgoX8S3D5gHHnNnreNIoxHTu1AHcoA, client_secret=****, callback_uri=None, client_key=Y7sJPaIZTrGgEbSYwVHrdhiFl>
2016-08-05 01:06:36,829 - requests_oauthlib.oauth1_auth - DEBUG - Including body in call to sign: True
2016-08-05 01:06:36,894 - oauthlib.oauth1.rfc5849 - DEBUG - Collected params: [(u'delimited', u'length'), (u'oauth_nonce', u'29214031133509544701470384396'), (u'oauth_timestamp', u'1470384396'), (u'oauth_consumer_key', u'Y7sJPaIZTrGgEbSYwVHrdhiFl'), (u'oauth_signature_method', u'HMAC-SHA1'), (u'oauth_version', u'1.0'), (u'oauth_token', u'760028218061574144-FQgoX8S3D5gHHnNnreNIoxHTu1AHcoA'), (u'track', u'a,the,i,you,u'), (u'language', u'en')]
2016-08-05 01:06:36,894 - oauthlib.oauth1.rfc5849 - DEBUG - Normalized params: delimited=length&language=en&oauth_consumer_key=Y7sJPaIZTrGgEbSYwVHrdhiFl&oauth_nonce=29214031133509544701470384396&oauth_signature_method=HMAC-SHA1&oauth_timestamp=1470384396&oauth_token=760028218061574144-FQgoX8S3D5gHHnNnreNIoxHTu1AHcoA&oauth_version=1.0&track=a%2Cthe%2Ci%2Cyou%2Cu
2016-08-05 01:06:36,894 - oauthlib.oauth1.rfc5849 - DEBUG - Normalized URI: https://stream.twitter.com/1.1/statuses/filter.json
2016-08-05 01:06:36,894 - oauthlib.oauth1.rfc5849 - DEBUG - Base signing string: POST&https%3A%2F%2Fstream.twitter.com%2F1.1%2Fstatuses%2Ffilter.json&delimited%3Dlength%26language%3Den%26oauth_consumer_key%3DY7sJPaIZTrGgEbSYwVHrdhiFl%26oauth_nonce%3D29214031133509544701470384396%26oauth_signature_method%3DHMAC-SHA1%26oauth_timestamp%3D1470384396%26oauth_token%3D760028218061574144-FQgoX8S3D5gHHnNnreNIoxHTu1AHcoA%26oauth_version%3D1.0%26track%3Da%252Cthe%252Ci%252Cyou%252Cu
2016-08-05 01:06:36,894 - oauthlib.oauth1.rfc5849 - DEBUG - Signature: vO5tAVJL8Zxdh6vks8/jjZcs+lE=
2016-08-05 01:06:36,894 - requests_oauthlib.oauth1_auth - DEBUG - Updated url: https://stream.twitter.com/1.1/statuses/filter.json?delimited=length
2016-08-05 01:06:36,895 - requests_oauthlib.oauth1_auth - DEBUG - Updated headers: {u'Content-Length': u'39', u'Content-Type': u'application/x-www-form-urlencoded', u'Authorization': u'OAuth oauth_nonce="29214031133509544701470384396", oauth_timestamp="1470384396", oauth_version="1.0", oauth_signature_method="HMAC-SHA1", oauth_consumer_key="Y7sJPaIZTrGgEbSYwVHrdhiFl", oauth_token="760028218061574144-FQgoX8S3D5gHHnNnreNIoxHTu1AHcoA", oauth_signature="vO5tAVJL8Zxdh6vks8%2FjjZcs%2BlE%3D"'}
2016-08-05 01:06:36,895 - requests_oauthlib.oauth1_auth - DEBUG - Updated body: u'track=a%2Cthe%2Ci%2Cyou%2Cu&language=en'
2016-08-05 01:06:36,937 - requests.packages.urllib3.connectionpool - INFO - Starting new HTTPS connection (1): stream.twitter.com
2016-08-05 01:06:37,289 - requests.packages.urllib3.connectionpool - DEBUG - "POST /1.1/statuses/filter.json?delimited=length HTTP/1.1" 420 36
2016-08-05 01:07:37,350 - requests_oauthlib.oauth1_auth - DEBUG - Signing request <PreparedRequest [POST]> using client <Client nonce=None, signature_method=HMAC-SHA1, realm=None, encoding=utf-8, timestamp=None, resource_owner_secret=****, decoding=None, verifier=None, signature_type=AUTH_HEADER, rsa_key=None, resource_owner_key=760028218061574144-FQgoX8S3D5gHHnNnreNIoxHTu1AHcoA, client_secret=****, callback_uri=None, client_key=Y7sJPaIZTrGgEbSYwVHrdhiFl>
2016-08-05 01:07:37,350 - requests_oauthlib.oauth1_auth - DEBUG - Including body in call to sign: True
2016-08-05 01:07:37,350 - oauthlib.oauth1.rfc5849 - DEBUG - Collected params: [(u'delimited', u'length'), (u'oauth_nonce', u'123580683891533141321470384457'), (u'oauth_timestamp', u'1470384457'), (u'oauth_consumer_key', u'Y7sJPaIZTrGgEbSYwVHrdhiFl'), (u'oauth_signature_method', u'HMAC-SHA1'), (u'oauth_version', u'1.0'), (u'oauth_token', u'760028218061574144-FQgoX8S3D5gHHnNnreNIoxHTu1AHcoA'), (u'track', u'a,the,i,you,u'), (u'language', u'en')]
2016-08-05 01:07:37,351 - oauthlib.oauth1.rfc5849 - DEBUG - Normalized params: delimited=length&language=en&oauth_consumer_key=Y7sJPaIZTrGgEbSYwVHrdhiFl&oauth_nonce=123580683891533141321470384457&oauth_signature_method=HMAC-SHA1&oauth_timestamp=1470384457&oauth_token=760028218061574144-FQgoX8S3D5gHHnNnreNIoxHTu1AHcoA&oauth_version=1.0&track=a%2Cthe%2Ci%2Cyou%2Cu
2016-08-05 01:07:37,351 - oauthlib.oauth1.rfc5849 - DEBUG - Normalized URI: https://stream.twitter.com/1.1/statuses/filter.json
2016-08-05 01:07:37,351 - oauthlib.oauth1.rfc5849 - DEBUG - Base signing string: POST&https%3A%2F%2Fstream.twitter.com%2F1.1%2Fstatuses%2Ffilter.json&delimited%3Dlength%26language%3Den%26oauth_consumer_key%3DY7sJPaIZTrGgEbSYwVHrdhiFl%26oauth_nonce%3D123580683891533141321470384457%26oauth_signature_method%3DHMAC-SHA1%26oauth_timestamp%3D1470384457%26oauth_token%3D760028218061574144-FQgoX8S3D5gHHnNnreNIoxHTu1AHcoA%26oauth_version%3D1.0%26track%3Da%252Cthe%252Ci%252Cyou%252Cu
2016-08-05 01:07:37,351 - oauthlib.oauth1.rfc5849 - DEBUG - Signature: 8dN5oR67bHtLYAr8va/CaY528VE=
2016-08-05 01:07:37,351 - requests_oauthlib.oauth1_auth - DEBUG - Updated url: https://stream.twitter.com/1.1/statuses/filter.json?delimited=length
2016-08-05 01:07:37,351 - requests_oauthlib.oauth1_auth - DEBUG - Updated headers: {u'Content-Length': u'39', u'Content-Type': u'application/x-www-form-urlencoded', u'Authorization': u'OAuth oauth_nonce="123580683891533141321470384457", oauth_timestamp="1470384457", oauth_version="1.0", oauth_signature_method="HMAC-SHA1", oauth_consumer_key="Y7sJPaIZTrGgEbSYwVHrdhiFl", oauth_token="760028218061574144-FQgoX8S3D5gHHnNnreNIoxHTu1AHcoA", oauth_signature="8dN5oR67bHtLYAr8va%2FCaY528VE%3D"'}
2016-08-05 01:07:37,351 - requests_oauthlib.oauth1_auth - DEBUG - Updated body: u'track=a%2Cthe%2Ci%2Cyou%2Cu&language=en'
2016-08-05 01:07:37,351 - requests.packages.urllib3.connectionpool - INFO - Starting new HTTPS connection (2): stream.twitter.com
2016-08-05 01:07:37,527 - requests.packages.urllib3.connectionpool - DEBUG - "POST /1.1/statuses/filter.json?delimited=length HTTP/1.1" 420 36
